d:\d-users\long\d-documents\programs\vsprojects\ubackup\ubackup\x64\release\ubackup.obj
d:\d-users\long\d-documents\programs\vsprojects\ubackup\ubackup\x64\release\main.obj
d:\d-users\long\d-documents\programs\vsprojects\ubackup\ubackup\x64\release\vc143.pdb
d:\d-users\long\d-documents\programs\vsprojects\ubackup\ubackup\x64\release\qrc_ubackup.obj
d:\d-users\long\d-documents\programs\vsprojects\ubackup\ubackup\x64\release\moc_ubackup.obj
d:\d-users\long\d-documents\programs\vsprojects\ubackup\x64\release\ubackup.exe
d:\d-users\long\d-documents\programs\vsprojects\ubackup\ubackup\x64\release\qt\moc\moc_ubackup.cpp
d:\d-users\long\d-documents\programs\vsprojects\ubackup\ubackup\x64\release\resource.res
d:\d-users\long\d-documents\programs\vsprojects\ubackup\ubackup\x64\release\qt\rcc\qrc_ubackup.cpp
d:\d-users\long\d-documents\programs\vsprojects\ubackup\ubackup\x64\release\qt\uic\ui_ubackup.h
d:\d-users\long\d-documents\programs\vsprojects\ubackup\ubackup\x64\release\ubackup.ipdb
d:\d-users\long\d-documents\programs\vsprojects\ubackup\ubackup\x64\release\ubackup.iobj
d:\d-users\long\d-documents\programs\vsprojects\ubackup\ubackup\x64\release\ubackup.tlog\cl.command.1.tlog
d:\d-users\long\d-documents\programs\vsprojects\ubackup\ubackup\x64\release\ubackup.tlog\cl.items.tlog
d:\d-users\long\d-documents\programs\vsprojects\ubackup\ubackup\x64\release\ubackup.tlog\cl.read.1.tlog
d:\d-users\long\d-documents\programs\vsprojects\ubackup\ubackup\x64\release\ubackup.tlog\cl.write.1.tlog
d:\d-users\long\d-documents\programs\vsprojects\ubackup\ubackup\x64\release\ubackup.tlog\link.command.1.tlog
d:\d-users\long\d-documents\programs\vsprojects\ubackup\ubackup\x64\release\ubackup.tlog\link.read.1.tlog
d:\d-users\long\d-documents\programs\vsprojects\ubackup\ubackup\x64\release\ubackup.tlog\link.secondary.1.tlog
d:\d-users\long\d-documents\programs\vsprojects\ubackup\ubackup\x64\release\ubackup.tlog\link.write.1.tlog
d:\d-users\long\d-documents\programs\vsprojects\ubackup\ubackup\x64\release\ubackup.tlog\moc.read.1u.tlog
d:\d-users\long\d-documents\programs\vsprojects\ubackup\ubackup\x64\release\ubackup.tlog\moc.write.1u.tlog
d:\d-users\long\d-documents\programs\vsprojects\ubackup\ubackup\x64\release\ubackup.tlog\rc.command.1.tlog
d:\d-users\long\d-documents\programs\vsprojects\ubackup\ubackup\x64\release\ubackup.tlog\rc.read.1.tlog
d:\d-users\long\d-documents\programs\vsprojects\ubackup\ubackup\x64\release\ubackup.tlog\rc.write.1.tlog
d:\d-users\long\d-documents\programs\vsprojects\ubackup\ubackup\x64\release\ubackup.tlog\rcc.read.1u.tlog
d:\d-users\long\d-documents\programs\vsprojects\ubackup\ubackup\x64\release\ubackup.tlog\rcc.write.1u.tlog
d:\d-users\long\d-documents\programs\vsprojects\ubackup\ubackup\x64\release\ubackup.tlog\ubackup.write.1u.tlog
d:\d-users\long\d-documents\programs\vsprojects\ubackup\ubackup\x64\release\ubackup.tlog\uic.read.1u.tlog
d:\d-users\long\d-documents\programs\vsprojects\ubackup\ubackup\x64\release\ubackup.tlog\uic.write.1u.tlog
